-------------------------------------------------------------------------------
Test set: TestSuite
-------------------------------------------------------------------------------
Tests run: 7, Failures: 1, Errors: 0, Skipped: 0, Time elapsed: 30.457 s <<< FAILURE! - in TestSuite
Academy.ValidatetitleTest.BasePageNavigation1  Time elapsed: 0.702 s  <<< FAILURE!
java.lang.AssertionError: expected:<FEATURED COURSES> but was:<FEATURED COURSES123>
	at Academy.ValidatetitleTest.BasePageNavigation1(ValidatetitleTest.java:52)

